<?xml version="1.0" encoding="UTF-8"?>
<!-- Generated by org.testng.reporters.JUnitXMLReporter -->
<testsuite ignored="0" hostname="DESKTOP-QAPNIA9" failures="1" tests="18" name="Test" time="123.664" errors="0" timestamp="2020-08-12T18:10:12 IST">
  <testcase classname="com.softsuave.test.LoginTest" name="loginToApplicationInvalidEmail" time="8.883"/>
  <testcase classname="com.softsuave.test.LoginTest" name="loginToApplicationInvalidPassword" time="1.447"/>
  <testcase classname="com.softsuave.test.LoginTest" name="loginToApplicationNoData" time="0.837"/>
  <testcase classname="com.softsuave.test.LoginTest" name="loginToApplicationShortMail" time="0.906"/>
  <testcase classname="com.softsuave.test.LoginTest" name="loginToApplicationValid" time="1.369"/>
  <testcase classname="com.softsuave.test.ActivityTest" name="activityPagetest" time="10.758"/>
  <testcase classname="com.softsuave.test.ActivityPageStatusTest" name="getActivityText" time="8.264"/>
  <testcase classname="com.softsuave.test.ForgetPasswordTest" name="clickOnLoginLinkInForgotPassword" time="7.508"/>
  <testcase classname="com.softsuave.test.ForgetPasswordTest" name="forgetPasswordInvalidEmailId" time="1.645"/>
  <testcase classname="com.softsuave.test.ForgetPasswordTest" name="forgetPasswordNoData" time="1.055"/>
  <testcase classname="com.softsuave.test.ForgetPasswordTest" name="forgetPasswordShortEmailId" time="1.146"/>
  <testcase classname="com.softsuave.test.ForgetPasswordTest" name="forgetPasswordValidEmailId" time="1.938"/>
  <testcase classname="com.softsuave.test.SignUpTest" name="signUpAppInvalid" time="7.474"/>
  <testcase classname="com.softsuave.test.SignUpTest" name="signUpAppNewUser" time="1.979"/>
  <testcase classname="com.softsuave.test.SignUpTest" name="signUpAppOldUser" time="2.148"/>
  <testcase classname="com.softsuave.test.CreateManagementTest" name="createOrganisation" time="14.155"/>
  <testcase classname="com.softsuave.test.CreateManagementTest" name="createOrganisationDublicates" time="10.298">
    <failure type="org.openqa.selenium.NoSuchElementException" message="Unable to locate element: //input[@name=&amp;apos;email-id&amp;apos;]
For documentation on this error, please visit: https://www.seleniumhq.org/exceptions/no_such_element.html
Build info: version: &amp;apos;3.141.59&amp;apos;, revision: &amp;apos;e82be7d358&amp;apos;, time: &amp;apos;2018-11-14T08:17:03&amp;apos;
System info: host: &amp;apos;DESKTOP-QAPNIA9&amp;apos;, ip: &amp;apos;192.168.4.75&amp;apos;, os.name: &amp;apos;Windows 10&amp;apos;, os.arch: &amp;apos;amd64&amp;apos;, os.version: &amp;apos;10.0&amp;apos;, java.version: &amp;apos;13.0.1&amp;apos;
Driver info: org.openqa.selenium.firefox.FirefoxDriver
Capabilities {acceptInsecureCerts: true, browserName: firefox, browserVersion: 79.0, javascriptEnabled: true, moz:accessibilityChecks: false, moz:buildID: 20200720193547, moz:geckodriverVersion: 0.27.0, moz:headless: false, moz:processID: 47456, moz:profile: C:\Users\Softsuave\AppData\..., moz:shutdownTimeout: 60000, moz:useNonSpecCompliantPointerOrigin: false, moz:webdriverClick: true, pageLoadStrategy: normal, platform: WINDOWS, platformName: WINDOWS, platformVersion: 10.0, rotatable: false, setWindowRect: true, strictFileInteractability: false, timeouts: {implicit: 0, pageLoad: 300000, script: 30000}, unhandledPromptBehavior: dismiss and notify}
Session ID: 4f098794-3e2c-4718-b946-7526946c6a2c
*** Element info: {Using=xpath, value=//input[@name=&amp;apos;email-id&amp;apos;]}">
      <![CDATA[org.openqa.selenium.NoSuchElementException: Unable to locate element: //input[@name='email-id']
For documentation on this error, please visit: https://www.seleniumhq.org/exceptions/no_such_element.html
Build info: version: '3.141.59', revision: 'e82be7d358', time: '2018-11-14T08:17:03'
System info: host: 'DESKTOP-QAPNIA9', ip: '192.168.4.75', os.name: 'Windows 10', os.arch: 'amd64', os.version: '10.0', java.version: '13.0.1'
Driver info: org.openqa.selenium.firefox.FirefoxDriver
Capabilities {acceptInsecureCerts: true, browserName: firefox, browserVersion: 79.0, javascriptEnabled: true, moz:accessibilityChecks: false, moz:buildID: 20200720193547, moz:geckodriverVersion: 0.27.0, moz:headless: false, moz:processID: 47456, moz:profile: C:\Users\Softsuave\AppData\..., moz:shutdownTimeout: 60000, moz:useNonSpecCompliantPointerOrigin: false, moz:webdriverClick: true, pageLoadStrategy: normal, platform: WINDOWS, platformName: WINDOWS, platformVersion: 10.0, rotatable: false, setWindowRect: true, strictFileInteractability: false, timeouts: {implicit: 0, pageLoad: 300000, script: 30000}, unhandledPromptBehavior: dismiss and notify}
Session ID: 4f098794-3e2c-4718-b946-7526946c6a2c
*** Element info: {Using=xpath, value=//input[@name='email-id']}
at org.openqa.selenium.remote.http.W3CHttpResponseCodec.createException(W3CHttpResponseCodec.java:187)
at org.openqa.selenium.remote.http.W3CHttpResponseCodec.decode(W3CHttpResponseCodec.java:122)
at org.openqa.selenium.remote.http.W3CHttpResponseCodec.decode(W3CHttpResponseCodec.java:49)
at org.openqa.selenium.remote.HttpCommandExecutor.execute(HttpCommandExecutor.java:158)
at org.openqa.selenium.remote.service.DriverCommandExecutor.execute(DriverCommandExecutor.java:83)
at org.openqa.selenium.remote.RemoteWebDriver.execute(RemoteWebDriver.java:552)
at org.openqa.selenium.remote.RemoteWebDriver.findElement(RemoteWebDriver.java:323)
at org.openqa.selenium.remote.RemoteWebDriver.findElementByXPath(RemoteWebDriver.java:428)
at org.openqa.selenium.By$ByXPath.findElement(By.java:353)
at org.openqa.selenium.remote.RemoteWebDriver.findElement(RemoteWebDriver.java:315)
at com.softsuave.bustle.LoginPage.loginToApplicationValid(LoginPage.java:35)
at com.softsuave.bustle.LoginPage.loginToApplicationValid(LoginPage.java:28)
at com.softsuave.test.CreateManagementTest.createOrganisationDublicates(CreateManagementTest.java:25)
at java.base/java.util.ArrayList.forEach(ArrayList.java:1507)
... Removed 32 stack frames]]>
    </failure>
  </testcase> <!-- createOrganisationDublicates -->
  <testcase classname="com.softsuave.test.ProjectFunctionalityTest" name="projectFunctionality" time="15.827"/>
</testsuite> <!-- Test -->
