<?xml version="1.0" encoding="UTF-8"?>
<testng-results ignored="0" total="18" passed="17" failed="1" skipped="0">
  <reporter-output>
  </reporter-output>
  <suite started-at="2020-08-12T18:08:08 IST" name="Suite" finished-at="2020-08-12T18:10:12 IST" duration-ms="123664">
    <groups>
    </groups>
    <test started-at="2020-08-12T18:08:08 IST" name="Test" finished-at="2020-08-12T18:10:12 IST" duration-ms="123664">
      <class name="com.softsuave.test.LoginTest">
        <test-method is-config="true" signature="driverInitialization()[pri:0, instance:com.softsuave.test.LoginTest@6ef888f6]" started-at="2020-08-12T18:08:08 IST" name="driverInitialization" finished-at="2020-08-12T18:08:12 IST" duration-ms="3510" status="PASS">
          <reporter-output>
          </reporter-output>
        </test-method> <!-- driverInitialization -->
        <test-method signature="loginToApplicationInvalidEmail()[pri:0, instance:com.softsuave.test.LoginTest@6ef888f6]" started-at="2020-08-12T18:08:12 IST" name="loginToApplicationInvalidEmail" finished-at="2020-08-12T18:08:21 IST" duration-ms="8883" status="PASS">
          <reporter-output>
          </reporter-output>
        </test-method> <!-- loginToApplicationInvalidEmail -->
        <test-method signature="loginToApplicationInvalidPassword()[pri:0, instance:com.softsuave.test.LoginTest@6ef888f6]" started-at="2020-08-12T18:08:21 IST" name="loginToApplicationInvalidPassword" finished-at="2020-08-12T18:08:22 IST" duration-ms="1447" status="PASS">
          <reporter-output>
          </reporter-output>
        </test-method> <!-- loginToApplicationInvalidPassword -->
        <test-method signature="loginToApplicationNoData()[pri:0, instance:com.softsuave.test.LoginTest@6ef888f6]" started-at="2020-08-12T18:08:22 IST" name="loginToApplicationNoData" finished-at="2020-08-12T18:08:23 IST" duration-ms="837" status="PASS">
          <reporter-output>
          </reporter-output>
        </test-method> <!-- loginToApplicationNoData -->
        <test-method signature="loginToApplicationShortMail()[pri:0, instance:com.softsuave.test.LoginTest@6ef888f6]" started-at="2020-08-12T18:08:23 IST" name="loginToApplicationShortMail" finished-at="2020-08-12T18:08:24 IST" duration-ms="906" status="PASS">
          <reporter-output>
          </reporter-output>
        </test-method> <!-- loginToApplicationShortMail -->
        <test-method signature="loginToApplicationValid()[pri:0, instance:com.softsuave.test.LoginTest@6ef888f6]" started-at="2020-08-12T18:08:24 IST" name="loginToApplicationValid" finished-at="2020-08-12T18:08:25 IST" duration-ms="1369" status="PASS">
          <reporter-output>
          </reporter-output>
        </test-method> <!-- loginToApplicationValid -->
      </class> <!-- com.softsuave.test.LoginTest -->
      <class name="com.softsuave.test.SignUpTest">
        <test-method is-config="true" signature="driverInitialization()[pri:0, instance:com.softsuave.test.SignUpTest@5223e5ee]" started-at="2020-08-12T18:09:08 IST" name="driverInitialization" finished-at="2020-08-12T18:09:12 IST" duration-ms="3672" status="PASS">
          <reporter-output>
          </reporter-output>
        </test-method> <!-- driverInitialization -->
        <test-method signature="signUpAppInvalid()[pri:0, instance:com.softsuave.test.SignUpTest@5223e5ee]" started-at="2020-08-12T18:09:12 IST" name="signUpAppInvalid" finished-at="2020-08-12T18:09:20 IST" duration-ms="7474" status="PASS">
          <reporter-output>
          </reporter-output>
        </test-method> <!-- signUpAppInvalid -->
        <test-method signature="signUpAppNewUser()[pri:0, instance:com.softsuave.test.SignUpTest@5223e5ee]" started-at="2020-08-12T18:09:20 IST" name="signUpAppNewUser" finished-at="2020-08-12T18:09:22 IST" duration-ms="1979" status="PASS">
          <reporter-output>
          </reporter-output>
        </test-method> <!-- signUpAppNewUser -->
        <test-method signature="signUpAppOldUser()[pri:0, instance:com.softsuave.test.SignUpTest@5223e5ee]" started-at="2020-08-12T18:09:22 IST" name="signUpAppOldUser" finished-at="2020-08-12T18:09:24 IST" duration-ms="2148" status="PASS">
          <reporter-output>
          </reporter-output>
        </test-method> <!-- signUpAppOldUser -->
      </class> <!-- com.softsuave.test.SignUpTest -->
      <class name="com.softsuave.test.ActivityTest">
        <test-method is-config="true" signature="driverInitialization()[pri:0, instance:com.softsuave.test.ActivityTest@10e92f8f]" started-at="2020-08-12T18:08:25 IST" name="driverInitialization" finished-at="2020-08-12T18:08:29 IST" duration-ms="3658" status="PASS">
          <reporter-output>
          </reporter-output>
        </test-method> <!-- driverInitialization -->
        <test-method signature="activityPagetest()[pri:0, instance:com.softsuave.test.ActivityTest@10e92f8f]" started-at="2020-08-12T18:08:29 IST" name="activityPagetest" finished-at="2020-08-12T18:08:40 IST" duration-ms="10758" status="PASS">
          <reporter-output>
          </reporter-output>
        </test-method> <!-- activityPagetest -->
      </class> <!-- com.softsuave.test.ActivityTest -->
      <class name="com.softsuave.test.ProjectFunctionalityTest">
        <test-method is-config="true" signature="driverInitialization()[pri:0, instance:com.softsuave.test.ProjectFunctionalityTest@69b2283a]" started-at="2020-08-12T18:09:52 IST" name="driverInitialization" finished-at="2020-08-12T18:09:56 IST" duration-ms="3657" status="PASS">
          <reporter-output>
          </reporter-output>
        </test-method> <!-- driverInitialization -->
        <test-method signature="projectFunctionality()[pri:0, instance:com.softsuave.test.ProjectFunctionalityTest@69b2283a]" started-at="2020-08-12T18:09:56 IST" name="projectFunctionality" finished-at="2020-08-12T18:10:12 IST" duration-ms="15827" status="PASS">
          <reporter-output>
          </reporter-output>
        </test-method> <!-- projectFunctionality -->
      </class> <!-- com.softsuave.test.ProjectFunctionalityTest -->
      <class name="com.softsuave.test.ForgetPasswordTest">
        <test-method is-config="true" signature="driverInitialization()[pri:0, instance:com.softsuave.test.ForgetPasswordTest@78b66d36]" started-at="2020-08-12T18:08:51 IST" name="driverInitialization" finished-at="2020-08-12T18:08:55 IST" duration-ms="3659" status="PASS">
          <reporter-output>
          </reporter-output>
        </test-method> <!-- driverInitialization -->
        <test-method signature="clickOnLoginLinkInForgotPassword()[pri:0, instance:com.softsuave.test.ForgetPasswordTest@78b66d36]" started-at="2020-08-12T18:08:55 IST" name="clickOnLoginLinkInForgotPassword" finished-at="2020-08-12T18:09:03 IST" duration-ms="7508" status="PASS">
          <reporter-output>
          </reporter-output>
        </test-method> <!-- clickOnLoginLinkInForgotPassword -->
        <test-method signature="forgetPasswordInvalidEmailId()[pri:0, instance:com.softsuave.test.ForgetPasswordTest@78b66d36]" started-at="2020-08-12T18:09:03 IST" name="forgetPasswordInvalidEmailId" finished-at="2020-08-12T18:09:04 IST" duration-ms="1645" status="PASS">
          <reporter-output>
          </reporter-output>
        </test-method> <!-- forgetPasswordInvalidEmailId -->
        <test-method signature="forgetPasswordNoData()[pri:0, instance:com.softsuave.test.ForgetPasswordTest@78b66d36]" started-at="2020-08-12T18:09:04 IST" name="forgetPasswordNoData" finished-at="2020-08-12T18:09:05 IST" duration-ms="1055" status="PASS">
          <reporter-output>
          </reporter-output>
        </test-method> <!-- forgetPasswordNoData -->
        <test-method signature="forgetPasswordShortEmailId()[pri:0, instance:com.softsuave.test.ForgetPasswordTest@78b66d36]" started-at="2020-08-12T18:09:05 IST" name="forgetPasswordShortEmailId" finished-at="2020-08-12T18:09:06 IST" duration-ms="1146" status="PASS">
          <reporter-output>
          </reporter-output>
        </test-method> <!-- forgetPasswordShortEmailId -->
        <test-method signature="forgetPasswordValidEmailId()[pri:0, instance:com.softsuave.test.ForgetPasswordTest@78b66d36]" started-at="2020-08-12T18:09:06 IST" name="forgetPasswordValidEmailId" finished-at="2020-08-12T18:09:08 IST" duration-ms="1938" status="PASS">
          <reporter-output>
          </reporter-output>
        </test-method> <!-- forgetPasswordValidEmailId -->
      </class> <!-- com.softsuave.test.ForgetPasswordTest -->
      <class name="com.softsuave.test.CreateManagementTest">
        <test-method is-config="true" signature="driverInitialization()[pri:0, instance:com.softsuave.test.CreateManagementTest@bef2d72]" started-at="2020-08-12T18:09:24 IST" name="driverInitialization" finished-at="2020-08-12T18:09:28 IST" duration-ms="4163" status="PASS">
          <reporter-output>
          </reporter-output>
        </test-method> <!-- driverInitialization -->
        <test-method signature="createOrganisation()[pri:0, instance:com.softsuave.test.CreateManagementTest@bef2d72]" started-at="2020-08-12T18:09:28 IST" name="createOrganisation" finished-at="2020-08-12T18:09:42 IST" duration-ms="14155" status="PASS">
          <reporter-output>
          </reporter-output>
        </test-method> <!-- createOrganisation -->
        <test-method signature="createOrganisationDublicates()[pri:0, instance:com.softsuave.test.CreateManagementTest@bef2d72]" started-at="2020-08-12T18:09:42 IST" name="createOrganisationDublicates" finished-at="2020-08-12T18:09:52 IST" duration-ms="10298" status="FAIL">
          <exception class="org.openqa.selenium.NoSuchElementException">
            <message>
              <![CDATA[Unable to locate element: //input[@name='email-id']
For documentation on this error, please visit: https://www.seleniumhq.org/exceptions/no_such_element.html
Build info: version: '3.141.59', revision: 'e82be7d358', time: '2018-11-14T08:17:03'
System info: host: 'DESKTOP-QAPNIA9', ip: '192.168.4.75', os.name: 'Windows 10', os.arch: 'amd64', os.version: '10.0', java.version: '13.0.1'
Driver info: org.openqa.selenium.firefox.FirefoxDriver
Capabilities {acceptInsecureCerts: true, browserName: firefox, browserVersion: 79.0, javascriptEnabled: true, moz:accessibilityChecks: false, moz:buildID: 20200720193547, moz:geckodriverVersion: 0.27.0, moz:headless: false, moz:processID: 47456, moz:profile: C:\Users\Softsuave\AppData\..., moz:shutdownTimeout: 60000, moz:useNonSpecCompliantPointerOrigin: false, moz:webdriverClick: true, pageLoadStrategy: normal, platform: WINDOWS, platformName: WINDOWS, platformVersion: 10.0, rotatable: false, setWindowRect: true, strictFileInteractability: false, timeouts: {implicit: 0, pageLoad: 300000, script: 30000}, unhandledPromptBehavior: dismiss and notify}
Session ID: 4f098794-3e2c-4718-b946-7526946c6a2c
*** Element info: {Using=xpath, value=//input[@name='email-id']}]]>
            </message>
            <full-stacktrace>
              <![CDATA[org.openqa.selenium.NoSuchElementException: Unable to locate element: //input[@name='email-id']
For documentation on this error, please visit: https://www.seleniumhq.org/exceptions/no_such_element.html
Build info: version: '3.141.59', revision: 'e82be7d358', time: '2018-11-14T08:17:03'
System info: host: 'DESKTOP-QAPNIA9', ip: '192.168.4.75', os.name: 'Windows 10', os.arch: 'amd64', os.version: '10.0', java.version: '13.0.1'
Driver info: org.openqa.selenium.firefox.FirefoxDriver
Capabilities {acceptInsecureCerts: true, browserName: firefox, browserVersion: 79.0, javascriptEnabled: true, moz:accessibilityChecks: false, moz:buildID: 20200720193547, moz:geckodriverVersion: 0.27.0, moz:headless: false, moz:processID: 47456, moz:profile: C:\Users\Softsuave\AppData\..., moz:shutdownTimeout: 60000, moz:useNonSpecCompliantPointerOrigin: false, moz:webdriverClick: true, pageLoadStrategy: normal, platform: WINDOWS, platformName: WINDOWS, platformVersion: 10.0, rotatable: false, setWindowRect: true, strictFileInteractability: false, timeouts: {implicit: 0, pageLoad: 300000, script: 30000}, unhandledPromptBehavior: dismiss and notify}
Session ID: 4f098794-3e2c-4718-b946-7526946c6a2c
*** Element info: {Using=xpath, value=//input[@name='email-id']}
at java.base/jdk.internal.reflect.NativeConstructorAccessorImpl.newInstance0(Native Method)
at java.base/jdk.internal.reflect.NativeConstructorAccessorImpl.newInstance(NativeConstructorAccessorImpl.java:62)
at java.base/jdk.internal.reflect.DelegatingConstructorAccessorImpl.newInstance(DelegatingConstructorAccessorImpl.java:45)
at java.base/java.lang.reflect.Constructor.newInstanceWithCaller(Constructor.java:500)
at java.base/java.lang.reflect.Constructor.newInstance(Constructor.java:481)
at org.openqa.selenium.remote.http.W3CHttpResponseCodec.createException(W3CHttpResponseCodec.java:187)
at org.openqa.selenium.remote.http.W3CHttpResponseCodec.decode(W3CHttpResponseCodec.java:122)
at org.openqa.selenium.remote.http.W3CHttpResponseCodec.decode(W3CHttpResponseCodec.java:49)
at org.openqa.selenium.remote.HttpCommandExecutor.execute(HttpCommandExecutor.java:158)
at org.openqa.selenium.remote.service.DriverCommandExecutor.execute(DriverCommandExecutor.java:83)
at org.openqa.selenium.remote.RemoteWebDriver.execute(RemoteWebDriver.java:552)
at org.openqa.selenium.remote.RemoteWebDriver.findElement(RemoteWebDriver.java:323)
at org.openqa.selenium.remote.RemoteWebDriver.findElementByXPath(RemoteWebDriver.java:428)
at org.openqa.selenium.By$ByXPath.findElement(By.java:353)
at org.openqa.selenium.remote.RemoteWebDriver.findElement(RemoteWebDriver.java:315)
at com.softsuave.bustle.LoginPage.loginToApplicationValid(LoginPage.java:35)
at com.softsuave.bustle.LoginPage.loginToApplicationValid(LoginPage.java:28)
at com.softsuave.test.CreateManagementTest.createOrganisationDublicates(CreateManagementTest.java:25)
at java.base/jdk.internal.reflect.NativeMethodAccessorImpl.invoke0(Native Method)
at java.base/jdk.internal.reflect.NativeMethodAccessorImpl.invoke(NativeMethodAccessorImpl.java:62)
at java.base/jdk.internal.reflect.DelegatingMethodAccessorImpl.invoke(DelegatingMethodAccessorImpl.java:43)
at java.base/java.lang.reflect.Method.invoke(Method.java:567)
at org.testng.internal.MethodInvocationHelper.invokeMethod(MethodInvocationHelper.java:132)
at org.testng.internal.TestInvoker.invokeMethod(TestInvoker.java:599)
at org.testng.internal.TestInvoker.invokeTestMethod(TestInvoker.java:174)
at org.testng.internal.MethodRunner.runInSequence(MethodRunner.java:46)
at org.testng.internal.TestInvoker$MethodInvocationAgent.invoke(TestInvoker.java:822)
at org.testng.internal.TestInvoker.invokeTestMethods(TestInvoker.java:147)
at org.testng.internal.TestMethodWorker.invokeTestMethods(TestMethodWorker.java:146)
at org.testng.internal.TestMethodWorker.run(TestMethodWorker.java:128)
at java.base/java.util.ArrayList.forEach(ArrayList.java:1507)
at org.testng.TestRunner.privateRun(TestRunner.java:764)
at org.testng.TestRunner.run(TestRunner.java:585)
at org.testng.SuiteRunner.runTest(SuiteRunner.java:384)
at org.testng.SuiteRunner.runSequentially(SuiteRunner.java:378)
at org.testng.SuiteRunner.privateRun(SuiteRunner.java:337)
at org.testng.SuiteRunner.run(SuiteRunner.java:286)
at org.testng.SuiteRunnerWorker.runSuite(SuiteRunnerWorker.java:53)
at org.testng.SuiteRunnerWorker.run(SuiteRunnerWorker.java:96)
at org.testng.TestNG.runSuitesSequentially(TestNG.java:1218)
at org.testng.TestNG.runSuitesLocally(TestNG.java:1140)
at org.testng.TestNG.runSuites(TestNG.java:1069)
at org.testng.TestNG.run(TestNG.java:1037)
at org.testng.remote.AbstractRemoteTestNG.run(AbstractRemoteTestNG.java:115)
at org.testng.remote.RemoteTestNG.initAndRun(RemoteTestNG.java:251)
at org.testng.remote.RemoteTestNG.main(RemoteTestNG.java:77)
]]>
            </full-stacktrace>
          </exception> <!-- org.openqa.selenium.NoSuchElementException -->
          <reporter-output>
          </reporter-output>
        </test-method> <!-- createOrganisationDublicates -->
      </class> <!-- com.softsuave.test.CreateManagementTest -->
      <class name="com.softsuave.test.ActivityPageStatusTest">
        <test-method is-config="true" signature="driverInitialization()[pri:0, instance:com.softsuave.test.ActivityPageStatusTest@7ce3cb8e]" started-at="2020-08-12T18:08:40 IST" name="driverInitialization" finished-at="2020-08-12T18:08:43 IST" duration-ms="3663" status="PASS">
          <reporter-output>
          </reporter-output>
        </test-method> <!-- driverInitialization -->
        <test-method signature="getActivityText()[pri:0, instance:com.softsuave.test.ActivityPageStatusTest@7ce3cb8e]" started-at="2020-08-12T18:08:43 IST" name="getActivityText" finished-at="2020-08-12T18:08:51 IST" duration-ms="8264" status="PASS">
          <reporter-output>
          </reporter-output>
        </test-method> <!-- getActivityText -->
      </class> <!-- com.softsuave.test.ActivityPageStatusTest -->
    </test> <!-- Test -->
  </suite> <!-- Suite -->
</testng-results>
